[debug] [2025-07-22T03:01:44.622Z] ----------------------------------------------------------------------
[debug] [2025-07-22T03:01:44.625Z] Command:       C:\Program Files\nodejs\node.exe C:\Users\rawik\AppData\Roaming\npm\node_modules\firebase-tools\lib\bin\firebase.js init
[debug] [2025-07-22T03:01:44.625Z] CLI Version:   14.11.0
[debug] [2025-07-22T03:01:44.625Z] Platform:      win32
[debug] [2025-07-22T03:01:44.626Z] Node Version:  v22.13.1
[debug] [2025-07-22T03:01:44.626Z] Time:          Tue Jul 22 2025 10:01:44 GMT+0700 (Western Indonesia Time)
[debug] [2025-07-22T03:01:44.626Z] ----------------------------------------------------------------------
[debug] 
[debug] [2025-07-22T03:01:44.638Z] > command requires scopes: ["email","openid","https://www.googleapis.com/auth/cloudplatformprojects.readonly","https://www.googleapis.com/auth/firebase","https://www.googleapis.com/auth/cloud-platform"]
[debug] [2025-07-22T03:01:44.639Z] > authorizing via signed-in user (rawikaranugraha@gmail.com)
[info] 
     ######## #### ########  ######## ########     ###     ######  ########
     ##        ##  ##     ## ##       ##     ##  ##   ##  ##       ##
     ######    ##  ########  ######   ########  #########  ######  ######
     ##        ##  ##    ##  ##       ##     ## ##     ##       ## ##
     ##       #### ##     ## ######## ########  ##     ##  ######  ########

You're about to initialize a Firebase project in this directory:

  C:\Users\rawik\Coding\Desktop Projects\Spotify_Clone

[info] 
=== Project Setup
[info] 
[info] First, let's associate this project directory with a Firebase project.
[info] You can create multiple project aliases by running firebase use --add, 
[info] but for now we'll just set up a default project.
[info] 
[info] i  If you want to create a project in a Google Cloud organization or folder, please use "firebase projects:create" instead, and return to this command when you've created the project. 
[debug] [2025-07-22T03:06:28.489Z] Checked if tokens are valid: true, expires at: 1753156723156
[debug] [2025-07-22T03:06:28.489Z] Checked if tokens are valid: true, expires at: 1753156723156
[debug] [2025-07-22T03:06:28.492Z] >>> [apiv2][query] POST https://firebase.googleapis.com/v1/projects:checkProjectId [none]
[debug] [2025-07-22T03:06:28.493Z] >>> [apiv2][body] POST https://firebase.googleapis.com/v1/projects:checkProjectId {"proposedId":"spotify_cl"}
[debug] [2025-07-22T03:06:28.745Z] <<< [apiv2][status] POST https://firebase.googleapis.com/v1/projects:checkProjectId 400
[debug] [2025-07-22T03:06:28.745Z] <<< [apiv2][body] POST https://firebase.googleapis.com/v1/projects:checkProjectId {"error":{"code":400,"message":"Request contains an invalid argument.","status":"INVALID_ARGUMENT"}}
[debug] [2025-07-22T03:06:28.746Z] Couldn't check if project ID spotify_cl is available. Original error: FirebaseError: Failed to check if project ID is available. See firebase-debug.log for more info.
[debug] [2025-07-22T03:06:37.245Z] Checked if tokens are valid: true, expires at: 1753156723156
[debug] [2025-07-22T03:06:37.245Z] Checked if tokens are valid: true, expires at: 1753156723156
[debug] [2025-07-22T03:06:37.245Z] >>> [apiv2][query] POST https://cloudresourcemanager.googleapis.com/v1/projects [none]
[debug] [2025-07-22T03:06:37.245Z] >>> [apiv2][body] POST https://cloudresourcemanager.googleapis.com/v1/projects {"projectId":"spotify_cl","name":"spoty_dupe"}
[debug] [2025-07-22T03:06:37.565Z] <<< [apiv2][status] POST https://cloudresourcemanager.googleapis.com/v1/projects 429
[debug] [2025-07-22T03:06:37.565Z] <<< [apiv2][body] POST https://cloudresourcemanager.googleapis.com/v1/projects {"error":{"code":429,"message":"Quota exceeded for quota metric 'Write requests' and limit 'Write requests per minute' of service 'cloudresourcemanager.googleapis.com' for consumer 'project_number:563584335869'.","status":"RESOURCE_EXHAUSTED","details":[{"@type":"type.googleapis.com/google.rpc.ErrorInfo","reason":"RATE_LIMIT_EXCEEDED","domain":"googleapis.com","metadata":{"quota_location":"global","quota_unit":"1/min/{project}","quota_limit_value":"600","consumer":"projects/563584335869","quota_limit":"WriteRequestsPerMinutePerProject","service":"cloudresourcemanager.googleapis.com","quota_metric":"cloudresourcemanager.googleapis.com/write_requests"}},{"@type":"type.googleapis.com/google.rpc.Help","links":[{"description":"Request a higher quota limit.","url":"https://cloud.google.com/docs/quotas/help/request_increase"}]}]}}
[debug] [2025-07-22T03:06:37.732Z] FirebaseError: Request to https://cloudresourcemanager.googleapis.com/v1/projects had HTTP Error: 429, Quota exceeded for quota metric 'Write requests' and limit 'Write requests per minute' of service 'cloudresourcemanager.googleapis.com' for consumer 'project_number:563584335869'.
    at responseToError (C:\Users\rawik\AppData\Roaming\npm\node_modules\firebase-tools\lib\responseToError.js:52:12)
    at RetryOperation._fn (C:\Users\rawik\AppData\Roaming\npm\node_modules\firebase-tools\lib\apiv2.js:312:77)
    at process.processTicksAndRejections (node:internal/process/task_queues:105:5)
[error] 
[error] Error: Failed to create project. See firebase-debug.log for more info.
[debug] [2025-07-22T03:06:56.767Z] ----------------------------------------------------------------------
[debug] [2025-07-22T03:06:56.771Z] Command:       C:\Program Files\nodejs\node.exe C:\Users\rawik\AppData\Roaming\npm\node_modules\firebase-tools\lib\bin\firebase.js init
[debug] [2025-07-22T03:06:56.771Z] CLI Version:   14.11.0
[debug] [2025-07-22T03:06:56.772Z] Platform:      win32
[debug] [2025-07-22T03:06:56.772Z] Node Version:  v22.13.1
[debug] [2025-07-22T03:06:56.772Z] Time:          Tue Jul 22 2025 10:06:56 GMT+0700 (Western Indonesia Time)
[debug] [2025-07-22T03:06:56.772Z] ----------------------------------------------------------------------
[debug] 
[debug] [2025-07-22T03:06:56.779Z] > command requires scopes: ["email","openid","https://www.googleapis.com/auth/cloudplatformprojects.readonly","https://www.googleapis.com/auth/firebase","https://www.googleapis.com/auth/cloud-platform"]
[debug] [2025-07-22T03:06:56.779Z] > authorizing via signed-in user (rawikaranugraha@gmail.com)
[info] 
     ######## #### ########  ######## ########     ###     ######  ########
     ##        ##  ##     ## ##       ##     ##  ##   ##  ##       ##
     ######    ##  ########  ######   ########  #########  ######  ######
     ##        ##  ##    ##  ##       ##     ## ##     ##       ## ##
     ##       #### ##     ## ######## ########  ##     ##  ######  ########

You're about to initialize a Firebase project in this directory:

  C:\Users\rawik\Coding\Desktop Projects\Spotify_Clone

[info] 
=== Project Setup
[info] 
[info] First, let's associate this project directory with a Firebase project.
[info] You can create multiple project aliases by running firebase use --add, 
[info] but for now we'll just set up a default project.
[info] 
[info] i  If you want to create a project in a Google Cloud organization or folder, please use "firebase projects:create" instead, and return to this command when you've created the project. 
[debug] [2025-07-22T03:07:46.461Z] Checked if tokens are valid: true, expires at: 1753156723156
[debug] [2025-07-22T03:07:46.461Z] Checked if tokens are valid: true, expires at: 1753156723156
[debug] [2025-07-22T03:07:46.463Z] >>> [apiv2][query] POST https://firebase.googleapis.com/v1/projects:checkProjectId [none]
[debug] [2025-07-22T03:07:46.463Z] >>> [apiv2][body] POST https://firebase.googleapis.com/v1/projects:checkProjectId {"proposedId":"spotify_cl"}
[debug] [2025-07-22T03:07:46.741Z] <<< [apiv2][status] POST https://firebase.googleapis.com/v1/projects:checkProjectId 400
[debug] [2025-07-22T03:07:46.742Z] <<< [apiv2][body] POST https://firebase.googleapis.com/v1/projects:checkProjectId {"error":{"code":400,"message":"Request contains an invalid argument.","status":"INVALID_ARGUMENT"}}
[debug] [2025-07-22T03:07:46.743Z] Couldn't check if project ID spotify_cl is available. Original error: FirebaseError: Failed to check if project ID is available. See firebase-debug.log for more info.
[debug] [2025-07-22T03:07:48.626Z] Checked if tokens are valid: true, expires at: 1753156723156
[debug] [2025-07-22T03:07:48.626Z] Checked if tokens are valid: true, expires at: 1753156723156
[debug] [2025-07-22T03:07:48.627Z] >>> [apiv2][query] POST https://cloudresourcemanager.googleapis.com/v1/projects [none]
[debug] [2025-07-22T03:07:48.627Z] >>> [apiv2][body] POST https://cloudresourcemanager.googleapis.com/v1/projects {"projectId":"spotify_cl","name":"spotify_cl"}
[debug] [2025-07-22T03:07:49.812Z] <<< [apiv2][status] POST https://cloudresourcemanager.googleapis.com/v1/projects 400
[debug] [2025-07-22T03:07:49.812Z] <<< [apiv2][body] POST https://cloudresourcemanager.googleapis.com/v1/projects {"error":{"code":400,"message":"Request contains an invalid argument.","status":"INVALID_ARGUMENT","details":[{"@type":"type.googleapis.com/google.rpc.BadRequest","fieldViolations":[{"field":"project_id","description":"project_id contains invalid characters"},{"field":"display_name","description":"project display name contains invalid characters"}]},{"@type":"type.googleapis.com/google.rpc.Help","links":[{"url":"https://cloud.google.com/resource-manager/reference/rest/v1/projects"}]}]}}
[debug] [2025-07-22T03:07:49.939Z] FirebaseError: Request to https://cloudresourcemanager.googleapis.com/v1/projects had HTTP Error: 400, Request contains an invalid argument.
    at responseToError (C:\Users\rawik\AppData\Roaming\npm\node_modules\firebase-tools\lib\responseToError.js:52:12)
    at RetryOperation._fn (C:\Users\rawik\AppData\Roaming\npm\node_modules\firebase-tools\lib\apiv2.js:312:77)
    at process.processTicksAndRejections (node:internal/process/task_queues:105:5)
[error] 
[error] Error: Failed to create project. See firebase-debug.log for more info.
